This is e-TeX, Version 3.141592-2.2 (MiKTeX 2.4) (preloaded format=latex 2007.5.29)  29 MAY 2007 13:08
entering extended mode
**_temp.tex
(_temp.tex
LaTeX2e <2003/12/01>
Babel <v3.8g> and hyphenation patterns for english, dumylang, nohyphenation, ge
rman, ngerman, french, loaded.
(C:\Program Files\texmf\tex\latex\base\report.cls
Document Class: report 2004/02/16 v1.4f Standard LaTeX document class
(C:\Program Files\texmf\tex\latex\base\fleqn.clo
File: fleqn.clo 1998/08/17 v1.1c Standard LaTeX option (flush left equations)
\mathindent=\dimen102
)
(C:\Program Files\texmf\tex\latex\base\size10.clo
File: size10.clo 2004/02/16 v1.4f Standard LaTeX file (size option)
)
\c@part=\count79
\c@chapter=\count80
\c@section=\count81
\c@subsection=\count82
\c@subsubsection=\count83
\c@paragraph=\count84
\c@subparagraph=\count85
\c@figure=\count86
\c@table=\count87
\abovecaptionskip=\skip41
\belowcaptionskip=\skip42
\bibindent=\dimen103
) (ethimrt.sty
Package: ethimrt 2004/04/02, v. 1.1

providing new style definitions and commands ---
Eric A. Mueller, ETHZ, Switzerland
 
)

! LaTeX Error: File `a4.sty' not found.

Type X to quit or <RETURN> to proceed,
or enter new name. (Default extension: sty)

Enter file name: 
! Emergency stop.
<read *> 
         
l.25  \usepackage
                 [latin1]{inputenc}        % Keybord settings
*** (cannot \read from terminal in nonstop modes)

 
Here is how much of TeX's memory you used:
 276 strings out of 95890
 2651 string characters out of 1194782
 49179 words of memory out of 1052963
 3394 multiletter control sequences out of 60000
 3640 words of font info for 14 fonts, out of 1000000 for 2000
 14 hyphenation exceptions out of 4999
 23i,0n,24p,113b,36s stack positions out of 5000i,500n,10000p,200000b,32768s
No pages of output.
