\BOOKMARK [0][-]{chapter*.3}{Abstract}{}% 1
\BOOKMARK [0][-]{chapter*.4}{Acknowledgements}{}% 2
\BOOKMARK [0][-]{chapter*.5}{Symbols}{}% 3
\BOOKMARK [0][-]{chapter.1}{Introduction}{}% 4
\BOOKMARK [1][-]{section.1.1}{Context}{chapter.1}% 5
\BOOKMARK [1][-]{section.1.2}{Goals}{chapter.1}% 6
\BOOKMARK [1][-]{section.1.3}{System Overview}{chapter.1}% 7
\BOOKMARK [1][-]{section.1.4}{Similar Systems and their HMI}{chapter.1}% 8
\BOOKMARK [1][-]{section.1.5}{Structure of the Report}{chapter.1}% 9
\BOOKMARK [0][-]{chapter.2}{Einige wichtige Hinweise zum Arbeiten mit LaTeX }{}% 10
\BOOKMARK [1][-]{section.2.1}{Gliederungen}{chapter.2}% 11
\BOOKMARK [1][-]{section.2.2}{Referenzen und Verweise}{chapter.2}% 12
\BOOKMARK [1][-]{section.2.3}{Aufz\344hlungen}{chapter.2}% 13
\BOOKMARK [1][-]{section.2.4}{Erstellen einer Tabelle}{chapter.2}% 14
\BOOKMARK [1][-]{section.2.5}{Einbinden einer EPS-Graphik}{chapter.2}% 15
\BOOKMARK [1][-]{section.2.6}{Mathematische Formeln}{chapter.2}% 16
\BOOKMARK [1][-]{section.2.7}{Weitere n\374tzliche Befehle}{chapter.2}% 17
\BOOKMARK [0][-]{chapter.3}{Finding a Hardware and Software Solution}{}% 18
\BOOKMARK [0][-]{chapter.4}{The different Control Modes}{}% 19
\BOOKMARK [0][-]{chapter.5}{Realization of the HMI as a whole and for each Control Mode}{}% 20
\BOOKMARK [0][-]{chapter.6}{Trajectory Planning}{}% 21
\BOOKMARK [1][-]{section.6.1}{Introduction}{chapter.6}% 22
\BOOKMARK [2][-]{subsection.6.1.1}{Definition}{section.6.1}% 23
\BOOKMARK [2][-]{subsection.6.1.2}{Our approach}{section.6.1}% 24
\BOOKMARK [1][-]{section.6.2}{Constraints from the system on the trajectory}{chapter.6}% 25
\BOOKMARK [2][-]{subsection.6.2.1}{Maximum velocities and accelerations}{section.6.2}% 26
\BOOKMARK [2][-]{subsection.6.2.2}{Continuity}{section.6.2}% 27
\BOOKMARK [0][-]{appendix.A}{Irgendwas}{}% 28
\BOOKMARK [0][-]{appendix.B}{Nochmals irgendwas}{}% 29
\BOOKMARK [0][-]{appendix*.9}{Bibliography}{}% 30
